2017-05-12 17:29:32,868 ERROR[com.zcl.nettyRpc.registry.ServiceRegistry:45] - 
org.apache.zookeeper.KeeperException$UnimplementedException: KeeperErrorCode = Unimplemented for /NettyRpc
	at org.apache.zookeeper.KeeperException.create(KeeperException.java:103)
	at org.apache.zookeeper.KeeperException.create(KeeperException.java:51)
	at org.apache.zookeeper.ZooKeeper.create(ZooKeeper.java:1297)
	at org.apache.curator.framework.imps.CreateBuilderImpl$17.call(CreateBuilderImpl.java:1056)
	at org.apache.curator.framework.imps.CreateBuilderImpl$17.call(CreateBuilderImpl.java:1039)
	at org.apache.curator.connection.StandardConnectionHandlingPolicy.callWithRetry(StandardConnectionHandlingPolicy.java:67)
	at org.apache.curator.RetryLoop.callWithRetry(RetryLoop.java:100)
	at org.apache.curator.framework.imps.CreateBuilderImpl.pathInForeground(CreateBuilderImpl.java:1036)
	at org.apache.curator.framework.imps.CreateBuilderImpl.protectedPathInForeground(CreateBuilderImpl.java:509)
	at org.apache.curator.framework.imps.CreateBuilderImpl.forPath(CreateBuilderImpl.java:499)
	at org.apache.curator.framework.imps.CreateBuilderImpl.forPath(CreateBuilderImpl.java:477)
	at org.apache.curator.framework.imps.CreateBuilderImpl.forPath(CreateBuilderImpl.java:44)
	at com.zcl.nettyRpc.registry.ServiceRegistry.setRootNode(ServiceRegistry.java:42)
	at com.zcl.nettyRpc.registry.ServiceRegistry.<init>(ServiceRegistry.java:30)
	at testzookeeper.testNode.testRegister(testNode.java:19)
	at sun.reflect.NativeMethodAccessorImpl.invoke0(Native Method)
	at sun.reflect.NativeMethodAccessorImpl.invoke(NativeMethodAccessorImpl.java:62)
	at sun.reflect.DelegatingMethodAccessorImpl.invoke(DelegatingMethodAccessorImpl.java:43)
	at java.lang.reflect.Method.invoke(Method.java:498)
	at org.junit.runners.model.FrameworkMethod$1.runReflectiveCall(FrameworkMethod.java:50)
	at org.junit.internal.runners.model.ReflectiveCallable.run(ReflectiveCallable.java:12)
	at org.junit.runners.model.FrameworkMethod.invokeExplosively(FrameworkMethod.java:47)
	at org.junit.internal.runners.statements.InvokeMethod.evaluate(InvokeMethod.java:17)
	at org.junit.runners.ParentRunner.runLeaf(ParentRunner.java:325)
	at org.junit.runners.BlockJUnit4ClassRunner.runChild(BlockJUnit4ClassRunner.java:78)
	at org.junit.runners.BlockJUnit4ClassRunner.runChild(BlockJUnit4ClassRunner.java:57)
	at org.junit.runners.ParentRunner$3.run(ParentRunner.java:290)
	at org.junit.runners.ParentRunner$1.schedule(ParentRunner.java:71)
	at org.junit.runners.ParentRunner.runChildren(ParentRunner.java:288)
	at org.junit.runners.ParentRunner.access$000(ParentRunner.java:58)
	at org.junit.runners.ParentRunner$2.evaluate(ParentRunner.java:268)
	at org.junit.runners.ParentRunner.run(ParentRunner.java:363)
	at org.junit.runner.JUnitCore.run(JUnitCore.java:137)
	at com.intellij.junit4.JUnit4IdeaTestRunner.startRunnerWithArgs(JUnit4IdeaTestRunner.java:117)
	at com.intellij.junit4.JUnit4IdeaTestRunner.startRunnerWithArgs(JUnit4IdeaTestRunner.java:42)
	at com.intellij.rt.execution.junit.JUnitStarter.prepareStreamsAndStart(JUnitStarter.java:262)
	at com.intellij.rt.execution.junit.JUnitStarter.main(JUnitStarter.java:84)
	at sun.reflect.NativeMethodAccessorImpl.invoke0(Native Method)
	at sun.reflect.NativeMethodAccessorImpl.invoke(NativeMethodAccessorImpl.java:62)
	at sun.reflect.DelegatingMethodAccessorImpl.invoke(DelegatingMethodAccessorImpl.java:43)
	at java.lang.reflect.Method.invoke(Method.java:498)
	at com.intellij.rt.execution.application.AppMain.main(AppMain.java:147)
2017-05-12 17:29:46,608 ERROR[com.zcl.nettyRpc.registry.ServiceRegistry:45] - 
org.apache.zookeeper.KeeperException$UnimplementedException: KeeperErrorCode = Unimplemented for /NettyRpc
	at org.apache.zookeeper.KeeperException.create(KeeperException.java:103)
	at org.apache.zookeeper.KeeperException.create(KeeperException.java:51)
	at org.apache.zookeeper.ZooKeeper.create(ZooKeeper.java:1297)
	at org.apache.curator.framework.imps.CreateBuilderImpl$17.call(CreateBuilderImpl.java:1056)
	at org.apache.curator.framework.imps.CreateBuilderImpl$17.call(CreateBuilderImpl.java:1039)
	at org.apache.curator.connection.StandardConnectionHandlingPolicy.callWithRetry(StandardConnectionHandlingPolicy.java:67)
	at org.apache.curator.RetryLoop.callWithRetry(RetryLoop.java:100)
	at org.apache.curator.framework.imps.CreateBuilderImpl.pathInForeground(CreateBuilderImpl.java:1036)
	at org.apache.curator.framework.imps.CreateBuilderImpl.protectedPathInForeground(CreateBuilderImpl.java:509)
	at org.apache.curator.framework.imps.CreateBuilderImpl.forPath(CreateBuilderImpl.java:499)
	at org.apache.curator.framework.imps.CreateBuilderImpl.forPath(CreateBuilderImpl.java:477)
	at org.apache.curator.framework.imps.CreateBuilderImpl.forPath(CreateBuilderImpl.java:44)
	at com.zcl.nettyRpc.registry.ServiceRegistry.setRootNode(ServiceRegistry.java:42)
	at com.zcl.nettyRpc.registry.ServiceRegistry.<init>(ServiceRegistry.java:30)
	at testzookeeper.testNode.testRegister(testNode.java:19)
	at sun.reflect.NativeMethodAccessorImpl.invoke0(Native Method)
	at sun.reflect.NativeMethodAccessorImpl.invoke(NativeMethodAccessorImpl.java:62)
	at sun.reflect.DelegatingMethodAccessorImpl.invoke(DelegatingMethodAccessorImpl.java:43)
	at java.lang.reflect.Method.invoke(Method.java:498)
	at org.junit.runners.model.FrameworkMethod$1.runReflectiveCall(FrameworkMethod.java:50)
	at org.junit.internal.runners.model.ReflectiveCallable.run(ReflectiveCallable.java:12)
	at org.junit.runners.model.FrameworkMethod.invokeExplosively(FrameworkMethod.java:47)
	at org.junit.internal.runners.statements.InvokeMethod.evaluate(InvokeMethod.java:17)
	at org.junit.runners.ParentRunner.runLeaf(ParentRunner.java:325)
	at org.junit.runners.BlockJUnit4ClassRunner.runChild(BlockJUnit4ClassRunner.java:78)
	at org.junit.runners.BlockJUnit4ClassRunner.runChild(BlockJUnit4ClassRunner.java:57)
	at org.junit.runners.ParentRunner$3.run(ParentRunner.java:290)
	at org.junit.runners.ParentRunner$1.schedule(ParentRunner.java:71)
	at org.junit.runners.ParentRunner.runChildren(ParentRunner.java:288)
	at org.junit.runners.ParentRunner.access$000(ParentRunner.java:58)
	at org.junit.runners.ParentRunner$2.evaluate(ParentRunner.java:268)
	at org.junit.runners.ParentRunner.run(ParentRunner.java:363)
	at org.junit.runner.JUnitCore.run(JUnitCore.java:137)
	at com.intellij.junit4.JUnit4IdeaTestRunner.startRunnerWithArgs(JUnit4IdeaTestRunner.java:117)
	at com.intellij.junit4.JUnit4IdeaTestRunner.startRunnerWithArgs(JUnit4IdeaTestRunner.java:42)
	at com.intellij.rt.execution.junit.JUnitStarter.prepareStreamsAndStart(JUnitStarter.java:262)
	at com.intellij.rt.execution.junit.JUnitStarter.main(JUnitStarter.java:84)
	at sun.reflect.NativeMethodAccessorImpl.invoke0(Native Method)
	at sun.reflect.NativeMethodAccessorImpl.invoke(NativeMethodAccessorImpl.java:62)
	at sun.reflect.DelegatingMethodAccessorImpl.invoke(DelegatingMethodAccessorImpl.java:43)
	at java.lang.reflect.Method.invoke(Method.java:498)
	at com.intellij.rt.execution.application.AppMain.main(AppMain.java:147)
2017-05-12 17:32:29,033 ERROR[com.zcl.nettyRpc.registry.ServiceRegistry:45] - 
org.apache.zookeeper.KeeperException$UnimplementedException: KeeperErrorCode = Unimplemented for /NettyRpc
	at org.apache.zookeeper.KeeperException.create(KeeperException.java:103)
	at org.apache.zookeeper.KeeperException.create(KeeperException.java:51)
	at org.apache.zookeeper.ZooKeeper.create(ZooKeeper.java:1297)
	at org.apache.curator.framework.imps.CreateBuilderImpl$17.call(CreateBuilderImpl.java:1040)
	at org.apache.curator.framework.imps.CreateBuilderImpl$17.call(CreateBuilderImpl.java:1023)
	at org.apache.curator.connection.StandardConnectionHandlingPolicy.callWithRetry(StandardConnectionHandlingPolicy.java:67)
	at org.apache.curator.RetryLoop.callWithRetry(RetryLoop.java:99)
	at org.apache.curator.framework.imps.CreateBuilderImpl.pathInForeground(CreateBuilderImpl.java:1020)
	at org.apache.curator.framework.imps.CreateBuilderImpl.protectedPathInForeground(CreateBuilderImpl.java:501)
	at org.apache.curator.framework.imps.CreateBuilderImpl.forPath(CreateBuilderImpl.java:491)
	at org.apache.curator.framework.imps.CreateBuilderImpl.forPath(CreateBuilderImpl.java:471)
	at org.apache.curator.framework.imps.CreateBuilderImpl.forPath(CreateBuilderImpl.java:45)
	at com.zcl.nettyRpc.registry.ServiceRegistry.setRootNode(ServiceRegistry.java:42)
	at com.zcl.nettyRpc.registry.ServiceRegistry.<init>(ServiceRegistry.java:30)
	at testzookeeper.testNode.testRegister(testNode.java:19)
	at sun.reflect.NativeMethodAccessorImpl.invoke0(Native Method)
	at sun.reflect.NativeMethodAccessorImpl.invoke(NativeMethodAccessorImpl.java:62)
	at sun.reflect.DelegatingMethodAccessorImpl.invoke(DelegatingMethodAccessorImpl.java:43)
	at java.lang.reflect.Method.invoke(Method.java:498)
	at org.junit.runners.model.FrameworkMethod$1.runReflectiveCall(FrameworkMethod.java:50)
	at org.junit.internal.runners.model.ReflectiveCallable.run(ReflectiveCallable.java:12)
	at org.junit.runners.model.FrameworkMethod.invokeExplosively(FrameworkMethod.java:47)
	at org.junit.internal.runners.statements.InvokeMethod.evaluate(InvokeMethod.java:17)
	at org.junit.runners.ParentRunner.runLeaf(ParentRunner.java:325)
	at org.junit.runners.BlockJUnit4ClassRunner.runChild(BlockJUnit4ClassRunner.java:78)
	at org.junit.runners.BlockJUnit4ClassRunner.runChild(BlockJUnit4ClassRunner.java:57)
	at org.junit.runners.ParentRunner$3.run(ParentRunner.java:290)
	at org.junit.runners.ParentRunner$1.schedule(ParentRunner.java:71)
	at org.junit.runners.ParentRunner.runChildren(ParentRunner.java:288)
	at org.junit.runners.ParentRunner.access$000(ParentRunner.java:58)
	at org.junit.runners.ParentRunner$2.evaluate(ParentRunner.java:268)
	at org.junit.runners.ParentRunner.run(ParentRunner.java:363)
	at org.junit.runner.JUnitCore.run(JUnitCore.java:137)
	at com.intellij.junit4.JUnit4IdeaTestRunner.startRunnerWithArgs(JUnit4IdeaTestRunner.java:117)
	at com.intellij.junit4.JUnit4IdeaTestRunner.startRunnerWithArgs(JUnit4IdeaTestRunner.java:42)
	at com.intellij.rt.execution.junit.JUnitStarter.prepareStreamsAndStart(JUnitStarter.java:262)
	at com.intellij.rt.execution.junit.JUnitStarter.main(JUnitStarter.java:84)
	at sun.reflect.NativeMethodAccessorImpl.invoke0(Native Method)
	at sun.reflect.NativeMethodAccessorImpl.invoke(NativeMethodAccessorImpl.java:62)
	at sun.reflect.DelegatingMethodAccessorImpl.invoke(DelegatingMethodAccessorImpl.java:43)
	at java.lang.reflect.Method.invoke(Method.java:498)
	at com.intellij.rt.execution.application.AppMain.main(AppMain.java:147)
